<?xml version="1.0" encoding="UTF-8"?>
<testng-results ignored="0" total="1" passed="1" failed="0" skipped="0">
  <reporter-output>
  </reporter-output>
  <suite started-at="2021-03-23T17:06:03 IST" name="AchieveSuite" finished-at="2021-03-23T17:06:25 IST" duration-ms="21667">
    <groups>
    </groups>
    <test started-at="2021-03-23T17:06:03 IST" name="AchieveTest" finished-at="2021-03-23T17:06:25 IST" duration-ms="21667">
      <class name="TestCases.TC_001">
        <test-method is-config="true" signature="setUp(java.lang.String,java.lang.String)[pri:0, instance:TestCases.TC_001@72cde7cc]" started-at="2021-03-23T17:06:03 IST" name="setUp" finished-at="2021-03-23T17:06:20 IST" duration-ms="16730" status="PASS">
          <params>
            <param index="0">
              <value>
                <![CDATA[https://www.achieve3000.com/]]>
              </value>
            </param>
            <param index="1">
              <value>
                <![CDATA[Chrome]]>
              </value>
            </param>
          </params>
          <reporter-output>
          </reporter-output>
        </test-method> <!-- setUp -->
        <test-method signature="test()[pri:0, instance:TestCases.TC_001@72cde7cc]" started-at="2021-03-23T17:06:20 IST" name="test" finished-at="2021-03-23T17:06:24 IST" duration-ms="4045" status="PASS">
          <reporter-output>
          </reporter-output>
        </test-method> <!-- test -->
        <test-method is-config="true" signature="tearDown()[pri:0, instance:TestCases.TC_001@72cde7cc]" started-at="2021-03-23T17:06:24 IST" name="tearDown" finished-at="2021-03-23T17:06:25 IST" duration-ms="820" status="PASS">
          <reporter-output>
          </reporter-output>
        </test-method> <!-- tearDown -->
      </class> <!-- TestCases.TC_001 -->
    </test> <!-- AchieveTest -->
  </suite> <!-- AchieveSuite -->
</testng-results>
